\BOOKMARK [0][-]{chapter.1}{\376\377\000I\000n\000t\000r\000o\000d\000u\000c\000t\000i\000o\000n}{}% 1
\BOOKMARK [1][-]{section.1.1}{\376\377\000D\000L\000A\000\040\000O\000v\000e\000r\000v\000i\000e\000w\000\040\000\046\000\040\000A\000p\000p\000l\000i\000c\000a\000t\000i\000o\000n\000s}{chapter.1}% 2
\BOOKMARK [1][-]{section.1.2}{\376\377\000H\000i\000s\000t\000o\000r\000y\000\040\000o\000f\000\040\000R\000e\000s\000u\000l\000t\000s}{chapter.1}% 3
\BOOKMARK [1][-]{section.1.3}{\376\377\000K\000e\000y\000\040\000M\000a\000t\000h\000e\000m\000a\000t\000i\000c\000a\000l\000\040\000C\000o\000n\000c\000e\000p\000t\000s}{chapter.1}% 4
\BOOKMARK [1][-]{section.1.4}{\376\377\000T\000h\000e\000\040\000`\000`\000U\000n\000i\000v\000e\000r\000s\000a\000l\000i\000t\000y\000'\000'\000\040\000D\000e\000b\000a\000t\000e}{chapter.1}% 5
\BOOKMARK [0][-]{chapter.2}{\376\377\000A\000l\000g\000o\000r\000i\000t\000h\000m\000s}{}% 6
\BOOKMARK [1][-]{section.2.1}{\376\377\000C\000o\000n\000f\000o\000r\000m\000a\000l\000\040\000M\000a\000p\000s\000\040\000\046\000\040\000H\000a\000r\000m\000o\000n\000i\000c\000\040\000M\000e\000a\000s\000u\000r\000e\000\040\000T\000h\000e\000o\000r\000y}{chapter.2}% 7
\BOOKMARK [1][-]{section.2.2}{\376\377\000O\000n\000-\000L\000a\000t\000t\000i\000c\000e\000\040\000A\000l\000g\000o\000r\000i\000t\000h\000m}{chapter.2}% 8
\BOOKMARK [1][-]{section.2.3}{\376\377\000O\000f\000f\000-\000L\000a\000t\000t\000i\000c\000e\000\040\000A\000l\000g\000o\000r\000i\000t\000h\000m}{chapter.2}% 9
\BOOKMARK [1][-]{section.2.4}{\376\377\000H\000y\000b\000r\000i\000d\000\040\000M\000o\000d\000e\000l\000\040\000\050\000S\000n\000a\000p\000p\000i\000n\000g\000\040\000L\000o\000g\000i\000c\000\051}{chapter.2}% 10
\BOOKMARK [0][-]{chapter.3}{\376\377\000A\000n\000a\000l\000y\000s\000i\000s}{}% 11
\BOOKMARK [1][-]{section.3.1}{\376\377\000G\000l\000o\000b\000a\000l\000\040\000S\000c\000a\000l\000i\000n\000g}{chapter.3}% 12
\BOOKMARK [1][-]{section.3.2}{\376\377\000A\000n\000i\000s\000o\000t\000r\000o\000p\000y\000\040\000\050\000A\000n\000g\000u\000l\000a\000r\000\040\000G\000r\000o\000w\000t\000h\000\040\000R\000a\000t\000e\000\051}{chapter.3}% 13
\BOOKMARK [1][-]{section.3.3}{\376\377\000A\000c\000t\000i\000v\000e\000\040\000Z\000o\000n\000e\000\040\000D\000y\000n\000a\000m\000i\000c\000s}{chapter.3}% 14
\BOOKMARK [0][-]{chapter.4}{\376\377\000D\000i\000s\000c\000u\000s\000s\000i\000o\000n}{}% 15
\BOOKMARK [1][-]{section.4.1}{\376\377\000S\000y\000n\000t\000h\000e\000s\000i\000s\000\040\000o\000f\000\040\000R\000e\000s\000u\000l\000t\000s}{chapter.4}% 16
\BOOKMARK [1][-]{section.4.2}{\376\377\000F\000i\000n\000a\000l\000\040\000C\000l\000a\000s\000s\000i\000f\000i\000c\000a\000t\000i\000o\000n}{chapter.4}% 17
\BOOKMARK [0][-]{appendix.A}{\376\377\000C\000o\000d\000e\000\040\000S\000n\000i\000p\000p\000e\000t\000s\000\040\000a\000n\000d\000\040\000D\000e\000r\000i\000v\000a\000t\000i\000o\000n\000s}{}% 18
\BOOKMARK [0][-]{appendix.B}{\376\377\000R\000e\000f\000e\000r\000e\000n\000c\000e\000:\000\040\000L\000a\000T\000e\000X\000\040\000S\000t\000r\000u\000c\000t\000u\000r\000e\000\040\000E\000x\000a\000m\000p\000l\000e\000s}{}% 19
\BOOKMARK [1][-]{section.B.1}{\376\377\000A\000l\000i\000g\000n\000e\000d\000\040\000E\000q\000u\000a\000t\000i\000o\000n\000s}{appendix.B}% 20
\BOOKMARK [1][-]{section.B.2}{\376\377\000F\000l\000o\000a\000t\000s}{appendix.B}% 21
\BOOKMARK [2][-]{subsection.B.2.1}{\376\377\000S\000i\000n\000g\000l\000e\000\040\000F\000i\000g\000u\000r\000e}{section.B.2}% 22
\BOOKMARK [2][-]{subsection.B.2.2}{\376\377\000S\000i\000d\000e\000-\000b\000y\000-\000S\000i\000d\000e\000\040\000F\000i\000g\000u\000r\000e\000s\000\040\000\050\000S\000u\000b\000f\000l\000o\000a\000t\000s\000\051}{section.B.2}% 23
\BOOKMARK [1][-]{section.B.3}{\376\377\000A\000l\000g\000o\000r\000i\000t\000h\000m\000s}{appendix.B}% 24
\BOOKMARK [1][-]{section.B.4}{\376\377\000T\000h\000e\000o\000r\000e\000m\000s}{appendix.B}% 25
\BOOKMARK [1][-]{section.B.5}{\376\377\000R\000e\000f\000e\000r\000e\000n\000c\000e\000s}{appendix.B}% 26
